# JRE version: OpenJDK Runtime Environment (11.0.13) (build 11.0.13+0-b1751.21-8125866)
# Java VM: OpenJDK 64-Bit Server VM (11.0.13+0-b1751.21-8125866, mixed mode, tiered, compressed oops, g1 gc, windows-amd64)
Heap:
 garbage-first heap   total 802816K, used 189952K [0x0000000080000000, 0x0000000100000000)
  region size 1024K, 1 young (1024K), 1 survivors (1024K)
 Metaspace       used 133792K, capacity 138691K, committed 138992K, reserved 1171456K
  class space    used 16222K, capacity 18085K, committed 18208K, reserved 1048576K
GC Heap History (20 events):
Event: 5713.387 GC heap after
{Heap after GC invocations=132 (full 0):
 garbage-first heap   total 538624K, used 181738K [0x0000000080000000, 0x0000000100000000)
  region size 1024K, 11 young (11264K), 11 survivors (11264K)
 Metaspace       used 133471K, capacity 138353K, committed 138608K, reserved 1169408K
  class space    used 16176K, capacity 17999K, committed 18080K, reserved 1048576K
}
Event: 5713.551 GC heap before
{Heap before GC invocations=132 (full 0):
 garbage-first heap   total 538624K, used 196074K [0x0000000080000000, 0x0000000100000000)
  region size 1024K, 26 young (26624K), 11 survivors (11264K)
 Metaspace       used 133478K, capacity 138353K, committed 138608K, reserved 1169408K
  class space    used 16176K, capacity 17999K, committed 18080K, reserved 1048576K
}
Event: 5713.618 GC heap after
{Heap after GC invocations=133 (full 0):
 garbage-first heap   total 538624K, used 171084K [0x0000000080000000, 0x0000000100000000)
  region size 1024K, 2 young (2048K), 2 survivors (2048K)
 Metaspace       used 133478K, capacity 138353K, committed 138608K, reserved 1169408K
  class space    used 16176K, capacity 17999K, committed 18080K, reserved 1048576K
}
Event: 5717.020 GC heap before
{Heap before GC invocations=133 (full 0):
 garbage-first heap   total 538624K, used 462924K [0x0000000080000000, 0x0000000100000000)
  region size 1024K, 288 young (294912K), 2 survivors (2048K)
 Metaspace       used 133603K, capacity 138520K, committed 138608K, reserved 1169408K
  class space    used 16196K, capacity 18031K, committed 18080K, reserved 1048576K
}
Event: 5717.083 GC heap after
{Heap after GC invocations=134 (full 0):
 garbage-first heap   total 538624K, used 181865K [0x0000000080000000, 0x0000000100000000)
  region size 1024K, 13 young (13312K), 13 survivors (13312K)
 Metaspace       used 133603K, capacity 138520K, committed 138608K, reserved 1169408K
  class space    used 16196K, capacity 18031K, committed 18080K, reserved 1048576K
}
Event: 5720.586 GC heap before
{Heap before GC invocations=135 (full 0):
 garbage-first heap   total 538624K, used 467561K [0x0000000080000000, 0x0000000100000000)
  region size 1024K, 286 young (292864K), 13 survivors (13312K)
 Metaspace       used 133675K, capacity 138581K, committed 138608K, reserved 1169408K
  class space    used 16206K, capacity 18071K, committed 18080K, reserved 1048576K
}
Event: 5720.636 GC heap after
{Heap after GC invocations=136 (full 0):
 garbage-first heap   total 538624K, used 190602K [0x0000000080000000, 0x0000000100000000)
  region size 1024K, 21 young (21504K), 21 survivors (21504K)
 Metaspace       used 133675K, capacity 138581K, committed 138608K, reserved 1169408K
  class space    used 16206K, capacity 18071K, committed 18080K, reserved 1048576K
}
Event: 5720.672 GC heap before
{Heap before GC invocations=136 (full 0):
 garbage-first heap   total 538624K, used 195722K [0x0000000080000000, 0x0000000100000000)
  region size 1024K, 26 young (26624K), 21 survivors (21504K)
 Metaspace       used 133676K, capacity 138581K, committed 138608K, reserved 1169408K
  class space    used 16206K, capacity 18071K, committed 18080K, reserved 1048576K
}
Event: 5720.737 GC heap after
{Heap after GC invocations=137 (full 0):
 garbage-first heap   total 538624K, used 148522K [0x0000000080000000, 0x0000000100000000)
  region size 1024K, 2 young (2048K), 2 survivors (2048K)
 Metaspace       used 133676K, capacity 138581K, committed 138608K, reserved 1169408K
  class space    used 16206K, capacity 18071K, committed 18080K, reserved 1048576K
}
Event: 5720.842 GC heap before
{Heap before GC invocations=137 (full 0):
 garbage-first heap   total 538624K, used 162858K [0x0000000080000000, 0x0000000100000000)
  region size 1024K, 17 young (17408K), 2 survivors (2048K)
 Metaspace       used 133676K, capacity 138581K, committed 138608K, reserved 1169408K
  class space    used 16206K, capacity 18071K, committed 18080K, reserved 1048576K
}
Event: 5720.860 GC heap after
{Heap after GC invocations=138 (full 0):
 garbage-first heap   total 538624K, used 150485K [0x0000000080000000, 0x0000000100000000)
  region size 1024K, 4 young (4096K), 4 survivors (4096K)
 Metaspace       used 133676K, capacity 138581K, committed 138608K, reserved 1169408K
  class space    used 16206K, capacity 18071K, committed 18080K, reserved 1048576K
}
Event: 5723.629 GC heap before
{Heap before GC invocations=139 (full 0):
 garbage-first heap   total 538624K, used 433109K [0x0000000080000000, 0x0000000100000000)
  region size 1024K, 286 young (292864K), 4 survivors (4096K)
 Metaspace       used 133716K, capacity 138650K, committed 138864K, reserved 1171456K
  class space    used 16210K, capacity 18072K, committed 18080K, reserved 1048576K
}
Event: 5723.887 GC heap after
{Heap after GC invocations=140 (full 0):
 garbage-first heap   total 538624K, used 195728K [0x0000000080000000, 0x0000000100000000)
  region size 1024K, 36 young (36864K), 36 survivors (36864K)
 Metaspace       used 133716K, capacity 138650K, committed 138864K, reserved 1171456K
  class space    used 16210K, capacity 18072K, committed 18080K, reserved 1048576K
}
Event: 5723.905 GC heap before
{Heap before GC invocations=140 (full 0):
 garbage-first heap   total 538624K, used 196752K [0x0000000080000000, 0x0000000100000000)
  region size 1024K, 37 young (37888K), 36 survivors (36864K)
 Metaspace       used 133720K, capacity 138650K, committed 138864K, reserved 1171456K
  class space    used 16210K, capacity 18072K, committed 18080K, reserved 1048576K
}
Event: 5724.243 GC heap after
{Heap after GC invocations=141 (full 0):
 garbage-first heap   total 538624K, used 178688K [0x0000000080000000, 0x0000000100000000)
  region size 1024K, 2 young (2048K), 2 survivors (2048K)
 Metaspace       used 133720K, capacity 138650K, committed 138864K, reserved 1171456K
  class space    used 16210K, capacity 18072K, committed 18080K, reserved 1048576K
}
Event: 5726.894 GC heap before
{Heap before GC invocations=141 (full 0):
 garbage-first heap   total 538624K, used 416256K [0x0000000080000000, 0x0000000100000000)
  region size 1024K, 234 young (239616K), 2 survivors (2048K)
 Metaspace       used 133767K, capacity 138682K, committed 138992K, reserved 1171456K
  class space    used 16218K, capacity 18082K, committed 18208K, reserved 1048576K
}
Event: 5726.979 GC heap after
{Heap after GC invocations=142 (full 0):
 garbage-first heap   total 538624K, used 196802K [0x0000000080000000, 0x0000000100000000)
  region size 1024K, 20 young (20480K), 20 survivors (20480K)
 Metaspace       used 133767K, capacity 138682K, committed 138992K, reserved 1171456K
  class space    used 16218K, capacity 18082K, committed 18208K, reserved 1048576K
}
Event: 5729.545 GC heap before
{Heap before GC invocations=143 (full 0):
 garbage-first heap   total 538624K, used 388290K [0x0000000080000000, 0x0000000100000000)
  region size 1024K, 207 young (211968K), 20 survivors (20480K)
 Metaspace       used 133792K, capacity 138691K, committed 138992K, reserved 1171456K
  class space    used 16222K, capacity 18085K, committed 18208K, reserved 1048576K
}
Event: 5729.647 GC heap after
{Heap after GC invocations=144 (full 0):
 garbage-first heap   total 538624K, used 200466K [0x0000000080000000, 0x0000000100000000)
  region size 1024K, 4 young (4096K), 4 survivors (4096K)
 Metaspace       used 133792K, capacity 138691K, committed 138992K, reserved 1171456K
  class space    used 16222K, capacity 18085K, committed 18208K, reserved 1048576K
}
Event: 5729.803 GC heap before
{Heap before GC invocations=144 (full 0):
 garbage-first heap   total 538624K, used 221970K [0x0000000080000000, 0x0000000100000000)
  region size 1024K, 26 young (26624K), 4 survivors (4096K)
 Metaspace       used 133792K, capacity 138691K, committed 138992K, reserved 1171456K
  class space    used 16222K, capacity 18085K, committed 18208K, reserved 1048576K
}

