# JRE version: OpenJDK Runtime Environment (11.0.13) (build 11.0.13+0-b1751.21-8125866)
# Java VM: OpenJDK 64-Bit Server VM (11.0.13+0-b1751.21-8125866, mixed mode, tiered, compressed oops, g1 gc, windows-amd64)
Heap:
 garbage-first heap   total 131072K, used 51292K [0x0000000080000000, 0x0000000100000000)
  region size 1024K, 25 young (25600K), 3 survivors (3072K)
 Metaspace       used 47787K, capacity 49011K, committed 49232K, reserved 1091584K
  class space    used 6065K, capacity 6528K, committed 6560K, reserved 1048576K
GC Heap History (18 events):
Event: 1.097 GC heap before
{Heap before GC invocations=0 (full 0):
 garbage-first heap   total 131072K, used 16384K [0x0000000080000000, 0x0000000100000000)
  region size 1024K, 14 young (14336K), 0 survivors (0K)
 Metaspace       used 6741K, capacity 6925K, committed 7168K, reserved 1056768K
  class space    used 572K, capacity 650K, committed 768K, reserved 1048576K
}
Event: 1.108 GC heap after
{Heap after GC invocations=1 (full 0):
 garbage-first heap   total 131072K, used 4339K [0x0000000080000000, 0x0000000100000000)
  region size 1024K, 2 young (2048K), 2 survivors (2048K)
 Metaspace       used 6741K, capacity 6925K, committed 7168K, reserved 1056768K
  class space    used 572K, capacity 650K, committed 768K, reserved 1048576K
}
Event: 2.589 GC heap before
{Heap before GC invocations=1 (full 0):
 garbage-first heap   total 131072K, used 48371K [0x0000000080000000, 0x0000000100000000)
  region size 1024K, 41 young (41984K), 2 survivors (2048K)
 Metaspace       used 11257K, capacity 11446K, committed 11520K, reserved 1058816K
  class space    used 1156K, capacity 1246K, committed 1280K, reserved 1048576K
}
Event: 2.597 GC heap after
{Heap after GC invocations=2 (full 0):
 garbage-first heap   total 131072K, used 11693K [0x0000000080000000, 0x0000000100000000)
  region size 1024K, 6 young (6144K), 6 survivors (6144K)
 Metaspace       used 11257K, capacity 11446K, committed 11520K, reserved 1058816K
  class space    used 1156K, capacity 1246K, committed 1280K, reserved 1048576K
}
Event: 6.184 GC heap before
{Heap before GC invocations=2 (full 0):
 garbage-first heap   total 131072K, used 52653K [0x0000000080000000, 0x0000000100000000)
  region size 1024K, 47 young (48128K), 6 survivors (6144K)
 Metaspace       used 17575K, capacity 17945K, committed 18176K, reserved 1064960K
  class space    used 2036K, capacity 2179K, committed 2304K, reserved 1048576K
}
Event: 6.200 GC heap after
{Heap after GC invocations=3 (full 0):
 garbage-first heap   total 131072K, used 16092K [0x0000000080000000, 0x0000000100000000)
  region size 1024K, 6 young (6144K), 6 survivors (6144K)
 Metaspace       used 17575K, capacity 17945K, committed 18176K, reserved 1064960K
  class space    used 2036K, capacity 2179K, committed 2304K, reserved 1048576K
}
Event: 7.187 GC heap before
{Heap before GC invocations=3 (full 0):
 garbage-first heap   total 131072K, used 45788K [0x0000000080000000, 0x0000000100000000)
  region size 1024K, 36 young (36864K), 6 survivors (6144K)
 Metaspace       used 20833K, capacity 21185K, committed 21296K, reserved 1069056K
  class space    used 2530K, capacity 2684K, committed 2688K, reserved 1048576K
}
Event: 7.200 GC heap after
{Heap after GC invocations=4 (full 0):
 garbage-first heap   total 131072K, used 17331K [0x0000000080000000, 0x0000000100000000)
  region size 1024K, 5 young (5120K), 5 survivors (5120K)
 Metaspace       used 20833K, capacity 21185K, committed 21296K, reserved 1069056K
  class space    used 2530K, capacity 2684K, committed 2688K, reserved 1048576K
}
Event: 9.292 GC heap before
{Heap before GC invocations=5 (full 0):
 garbage-first heap   total 131072K, used 70579K [0x0000000080000000, 0x0000000100000000)
  region size 1024K, 57 young (58368K), 5 survivors (5120K)
 Metaspace       used 26555K, capacity 27157K, committed 27388K, reserved 1073152K
  class space    used 3429K, capacity 3642K, committed 3660K, reserved 1048576K
}
Event: 9.306 GC heap after
{Heap after GC invocations=6 (full 0):
 garbage-first heap   total 131072K, used 19248K [0x0000000080000000, 0x0000000100000000)
  region size 1024K, 3 young (3072K), 3 survivors (3072K)
 Metaspace       used 26555K, capacity 27157K, committed 27388K, reserved 1073152K
  class space    used 3429K, capacity 3642K, committed 3660K, reserved 1048576K
}
Event: 12.156 GC heap before
{Heap before GC invocations=6 (full 0):
 garbage-first heap   total 131072K, used 78640K [0x0000000080000000, 0x0000000100000000)
  region size 1024K, 61 young (62464K), 3 survivors (3072K)
 Metaspace       used 34938K, capacity 35745K, committed 35964K, reserved 1081344K
  class space    used 4483K, capacity 4782K, committed 4812K, reserved 1048576K
}
Event: 12.168 GC heap after
{Heap after GC invocations=7 (full 0):
 garbage-first heap   total 131072K, used 22628K [0x0000000080000000, 0x0000000100000000)
  region size 1024K, 7 young (7168K), 7 survivors (7168K)
 Metaspace       used 34938K, capacity 35745K, committed 35964K, reserved 1081344K
  class space    used 4483K, capacity 4782K, committed 4812K, reserved 1048576K
}
Event: 12.273 GC heap before
{Heap before GC invocations=7 (full 0):
 garbage-first heap   total 131072K, used 23652K [0x0000000080000000, 0x0000000100000000)
  region size 1024K, 9 young (9216K), 7 survivors (7168K)
 Metaspace       used 35167K, capacity 35938K, committed 36048K, reserved 1081344K
  class space    used 4511K, capacity 4826K, committed 4896K, reserved 1048576K
}
Event: 12.291 GC heap after
{Heap after GC invocations=8 (full 0):
 garbage-first heap   total 131072K, used 23005K [0x0000000080000000, 0x0000000100000000)
  region size 1024K, 4 young (4096K), 4 survivors (4096K)
 Metaspace       used 35167K, capacity 35938K, committed 36048K, reserved 1081344K
  class space    used 4511K, capacity 4826K, committed 4896K, reserved 1048576K
}
Event: 16.425 GC heap before
{Heap before GC invocations=9 (full 0):
 garbage-first heap   total 131072K, used 88541K [0x0000000080000000, 0x0000000100000000)
  region size 1024K, 66 young (67584K), 4 survivors (4096K)
 Metaspace       used 40158K, capacity 41098K, committed 41296K, reserved 1085440K
  class space    used 5070K, capacity 5410K, committed 5536K, reserved 1048576K
}
Event: 16.442 GC heap after
{Heap after GC invocations=10 (full 0):
 garbage-first heap   total 131072K, used 27996K [0x0000000080000000, 0x0000000100000000)
  region size 1024K, 9 young (9216K), 9 survivors (9216K)
 Metaspace       used 40158K, capacity 41098K, committed 41296K, reserved 1085440K
  class space    used 5070K, capacity 5410K, committed 5536K, reserved 1048576K
}
Event: 20.802 GC heap before
{Heap before GC invocations=10 (full 0):
 garbage-first heap   total 131072K, used 92508K [0x0000000080000000, 0x0000000100000000)
  region size 1024K, 72 young (73728K), 9 survivors (9216K)
 Metaspace       used 46160K, capacity 47255K, committed 47440K, reserved 1091584K
  class space    used 5846K, capacity 6260K, committed 6304K, reserved 1048576K
}
Event: 20.850 GC heap after
{Heap after GC invocations=11 (full 0):
 garbage-first heap   total 131072K, used 29788K [0x0000000080000000, 0x0000000100000000)
  region size 1024K, 3 young (3072K), 3 survivors (3072K)
 Metaspace       used 46160K, capacity 47255K, committed 47440K, reserved 1091584K
  class space    used 5846K, capacity 6260K, committed 6304K, reserved 1048576K
}

